{"/Users/tihonovrv/Desktop/Learning/prodaction-project/production-project/src/entities/Counter/modal/selectors/getCounter/getCounter.ts": {"path":"/Users/tihonovrv/Desktop/Learning/prodaction-project/production-project/src/entities/Counter/modal/selectors/getCounter/getCounter.ts","statementMap":{"0":{"start":{"line":3,"column":26},"end":{"line":3,"column":63}},"1":{"start":{"line":3,"column":50},"end":{"line":3,"column":63}}},"fnMap":{"0":{"name":"(anonymous_0)","decl":{"start":{"line":3,"column":26},"end":{"line":3,"column":27}},"loc":{"start":{"line":3,"column":50},"end":{"line":3,"column":63}},"line":3}},"branchMap":{},"s":{"0":1,"1":1},"f":{"0":1},"b":{},"_coverageSchema":"1a1c01bbd47fc00a2c39e90264f33305004495a9","hash":"6ce4ce4385d368b107a60d5e04cabc31afeed3b1"}
}
